
Connected to: Oracle Database 11g Express Edition Release 11.2.0.2.0 - Production

Export file created by EXPORT:V11.02.00 via conventional path

Warning: the objects were exported by SHOP2020, not by you

import done in WE8MSWIN1252 character set and AL16UTF16 NCHAR character set
import server uses AL32UTF8 character set (possible charset conversion)
. importing SHOP2020's objects into TSHOP
IMP-00015: following statement failed because the object already exists:
 "CREATE SEQUENCE "HIBERNATE_SEQUENCE" MINVALUE 1 MAXVALUE 999999999999999999"
 "9999999999 INCREMENT BY 1 START WITH 41 CACHE 20 NOORDER NOCYCLE"
IMP-00015: following statement failed because the object already exists:
 "CREATE TABLE "CONTRACTORS" ("ID" NUMBER(10, 0) NOT NULL ENABLE, "CHANGE_DAT"
 "E" TIMESTAMP (6), "CHANGED" NUMBER(10, 0), "CHANGER_ID" NUMBER(10, 0), "TIM"
 "ESTAMP_" TIMESTAMP (6), "ADDRESS" VARCHAR2(255 CHAR), "NAME" VARCHAR2(255 C"
 "HAR), "OWNER_ID" NUMBER(10, 0), "PHONE" VARCHAR2(255 CHAR), "TYPE_ID" NUMBE"
 "R(10, 0), "TYPE_NAME" VARCHAR2(255 CHAR))  PCTFREE 10 PCTUSED 40 INITRANS 1"
 " MAXTRANS 255 STORAGE(INITIAL 65536 NEXT 1048576 MINEXTENTS 1 FREELISTS 1 F"
 "REELIST GROUPS 1 BUFFER_POOL DEFAULT)                     LOGGING NOCOMPRES"
 "S"
IMP-00015: following statement failed because the object already exists:
 "CREATE TABLE "CONTRACTOR_ACCOUNTS" ("ID" NUMBER(10, 0) NOT NULL ENABLE, "CH"
 "ANGE_DATE" TIMESTAMP (6), "CHANGED" NUMBER(10, 0), "CHANGER_ID" NUMBER(10, "
 "0), "TIMESTAMP_" TIMESTAMP (6), "TOTAL_AMOUNT" FLOAT(126), "CONTRACTOR_ID" "
 "NUMBER(10, 0))  PCTFREE 10 PCTUSED 40 INITRANS 1 MAXTRANS 255 STORAGE(INITI"
 "AL 65536 NEXT 1048576 MINEXTENTS 1 FREELISTS 1 FREELIST GROUPS 1 BUFFER_POO"
 "L DEFAULT)                     LOGGING NOCOMPRESS"
IMP-00015: following statement failed because the object already exists:
 "CREATE TABLE "CONTRACTOR_ACCOUNT_DETAILS" ("ID" NUMBER(10, 0) NOT NULL ENAB"
 "LE, "CHANGE_DATE" TIMESTAMP (6), "CHANGED" NUMBER(10, 0), "CHANGER_ID" NUMB"
 "ER(10, 0), "TIMESTAMP_" TIMESTAMP (6), "AMOUNT" FLOAT(126), "DETAIL_DATE" T"
 "IMESTAMP (6), "PAID" NUMBER(10, 0), "REPORT" VARCHAR2(255 CHAR), "SPENDER_N"
 "AME" VARCHAR2(255 CHAR), "CONTRACTOR_ACCOUNT_ID" NUMBER(10, 0), "SEASON_ID""
 " NUMBER(10, 0))  PCTFREE 10 PCTUSED 40 INITRANS 1 MAXTRANS 255 STORAGE(INIT"
 "IAL 65536 NEXT 1048576 MINEXTENTS 1 FREELISTS 1 FREELIST GROUPS 1 BUFFER_PO"
 "OL DEFAULT)                     LOGGING NOCOMPRESS"
IMP-00015: following statement failed because the object already exists:
 "CREATE TABLE "CUSTOMERS" ("ID" NUMBER(10, 0) NOT NULL ENABLE, "CHANGE_DATE""
 " TIMESTAMP (6), "CHANGED" NUMBER(10, 0), "CHANGER_ID" NUMBER(10, 0), "TIMES"
 "TAMP_" TIMESTAMP (6), "ADDRESS" VARCHAR2(255 CHAR), "NAME" VARCHAR2(255 CHA"
 "R), "PHONE" VARCHAR2(255 CHAR), "TYPE_ID" NUMBER(10, 0))  PCTFREE 10 PCTUSE"
 "D 40 INITRANS 1 MAXTRANS 255 STORAGE(INITIAL 65536 NEXT 1048576 MINEXTENTS "
 "1 FREELISTS 1 FREELIST GROUPS 1 BUFFER_POOL DEFAULT)                     LO"
 "GGING NOCOMPRESS"
IMP-00015: following statement failed because the object already exists:
 "CREATE TABLE "CUSTOMER_ORDERS" ("ID" NUMBER(10, 0) NOT NULL ENABLE, "CHANGE"
 "_DATE" TIMESTAMP (6), "CHANGED" NUMBER(10, 0), "CHANGER_ID" NUMBER(10, 0), "
 ""TIMESTAMP_" TIMESTAMP (6), "BUY_PRICE" FLOAT(126), "COMMISSION" FLOAT(126)"
 ", "DUE_DATE" TIMESTAMP (6), "DUED" NUMBER(10, 0), "EDITE_DATE" TIMESTAMP (6"
 "), "FINISHED" NUMBER(10, 0), "GROSS_WEIGHT" FLOAT(126), "INVOICE_STATUS" NU"
 "MBER(10, 0), "NET_PRICE" FLOAT(126), "NET_WEIGHT" FLOAT(126), "NOLUN" FLOAT"
 "(126), "NOTES" VARCHAR2(255 CHAR), "ORDER_DATE" TIMESTAMP (6), "ORDER_TAG" "
 "VARCHAR2(255 CHAR), "PERIOD_ID" NUMBER(10, 0), "RATIO" FLOAT(126), "TIPS" F"
 "LOAT(126), "TOTAL_RPICE" FLOAT(126), "UNITE_PRICE" FLOAT(126), "UNITS" NUMB"
 "ER(10, 0), "CUSTOMER_ID" NUMBER(10, 0), "FRIDAGE_ID" NUMBER(10, 0), "PRODUC"
 "T_ID" NUMBER(10, 0), "SEASON_ID" NUMBER(10, 0), "STORE_ID" NUMBER(10, 0), ""
 "VECHILE_TYPE_ID" NUMBER(10, 0))  PCTFREE 10 PCTUSED 40 INITRANS 1 MAXTRANS "
 "255 STORAGE(INITIAL 65536 NEXT 1048576 MINEXTENTS 1 FREELISTS 1 FREELIST GR"
 "OUPS 1 BUFFER_POOL DEFAULT)                     LOGGING NOCOMPRESS"
IMP-00015: following statement failed because the object already exists:
 "CREATE TABLE "CUSTOMER_TYPES" ("ID" NUMBER(10, 0) NOT NULL ENABLE, "CHANGE_"
 "DATE" TIMESTAMP (6), "CHANGED" NUMBER(10, 0), "CHANGER_ID" NUMBER(10, 0), ""
 "TIMESTAMP_" TIMESTAMP (6), "NAME" VARCHAR2(255 CHAR))  PCTFREE 10 PCTUSED 4"
 "0 INITRANS 1 MAXTRANS 255 STORAGE(INITIAL 65536 NEXT 1048576 MINEXTENTS 1 F"
 "REELISTS 1 FREELIST GROUPS 1 BUFFER_POOL DEFAULT)                     LOGGI"
 "NG NOCOMPRESS"
IMP-00015: following statement failed because the object already exists:
 "CREATE TABLE "FRIDAGES" ("ID" NUMBER(10, 0) NOT NULL ENABLE, "CHANGE_DATE" "
 "TIMESTAMP (6), "CHANGED" NUMBER(10, 0), "CHANGER_ID" NUMBER(10, 0), "TIMEST"
 "AMP_" TIMESTAMP (6), "NAME" VARCHAR2(255 CHAR))  PCTFREE 10 PCTUSED 40 INIT"
 "RANS 1 MAXTRANS 255 STORAGE(INITIAL 65536 NEXT 1048576 MINEXTENTS 1 FREELIS"
 "TS 1 FREELIST GROUPS 1 BUFFER_POOL DEFAULT)                     LOGGING NOC"
 "OMPRESS"
IMP-00015: following statement failed because the object already exists:
 "CREATE TABLE "ID_TABLE" ("ID_TABLE_NAME" VARCHAR2(255 CHAR) NOT NULL ENABLE"
 ", "ID_TABLE_VALUE" NUMBER(19, 0))  PCTFREE 10 PCTUSED 40 INITRANS 1 MAXTRAN"
 "S 255 STORAGE(INITIAL 65536 NEXT 1048576 MINEXTENTS 1 FREELISTS 1 FREELIST "
 "GROUPS 1 BUFFER_POOL DEFAULT)                     LOGGING NOCOMPRESS"
IMP-00015: following statement failed because the object already exists:
 "CREATE TABLE "INCOMES" ("ID" NUMBER(10, 0) NOT NULL ENABLE, "CHANGE_DATE" T"
 "IMESTAMP (6), "CHANGED" NUMBER(10, 0), "CHANGER_ID" NUMBER(10, 0), "TIMESTA"
 "MP_" TIMESTAMP (6), "INCOME_DATE" TIMESTAMP (6), "SEASON_ID" NUMBER(10, 0),"
 " "TOTAL_AMOUNT" FLOAT(126), "SAFE_ID" NUMBER(10, 0))  PCTFREE 10 PCTUSED 40"
 " INITRANS 1 MAXTRANS 255 STORAGE(INITIAL 65536 NEXT 1048576 MINEXTENTS 1 FR"
 "EELISTS 1 FREELIST GROUPS 1 BUFFER_POOL DEFAULT)                     LOGGIN"
 "G NOCOMPRESS"
IMP-00015: following statement failed because the object already exists:
 "CREATE TABLE "INCOME_DETAILS" ("ID" NUMBER(10, 0) NOT NULL ENABLE, "CHANGE_"
 "DATE" TIMESTAMP (6), "CHANGED" NUMBER(10, 0), "CHANGER_ID" NUMBER(10, 0), ""
 "TIMESTAMP_" TIMESTAMP (6), "AMOUNT" FLOAT(126), "INCOME_ID" NUMBER(10, 0), "
 ""INSTALLMENT_ID" NUMBER(10, 0), "NOTES" VARCHAR2(255 CHAR), "RESIPEINT_NAME"
 "" VARCHAR2(255 CHAR), "SELLER_ID" NUMBER(10, 0), "SELLER_ORDER_ID" NUMBER(1"
 "0, 0), "TYPE_NAME" VARCHAR2(255 CHAR), "FRIDAGE_ID" NUMBER(10, 0), "TYPE_ID"
 "" NUMBER(10, 0))  PCTFREE 10 PCTUSED 40 INITRANS 1 MAXTRANS 255 STORAGE(INI"
 "TIAL 65536 NEXT 1048576 MINEXTENTS 1 FREELISTS 1 FREELIST GROUPS 1 BUFFER_P"
 "OOL DEFAULT)                     LOGGING NOCOMPRESS"
IMP-00015: following statement failed because the object already exists:
 "CREATE TABLE "INCOME_TYPES" ("ID" NUMBER(10, 0) NOT NULL ENABLE, "CHANGE_DA"
 "TE" TIMESTAMP (6), "CHANGED" NUMBER(10, 0), "CHANGER_ID" NUMBER(10, 0), "TI"
 "MESTAMP_" TIMESTAMP (6), "NAME" VARCHAR2(255 CHAR))  PCTFREE 10 PCTUSED 40 "
 "INITRANS 1 MAXTRANS 255 STORAGE(INITIAL 65536 NEXT 1048576 MINEXTENTS 1 FRE"
 "ELISTS 1 FREELIST GROUPS 1 BUFFER_POOL DEFAULT)                     LOGGING"
 " NOCOMPRESS"
IMP-00015: following statement failed because the object already exists:
 "CREATE TABLE "INC_LOANS" ("ID" NUMBER(10, 0) NOT NULL ENABLE, "CHANGE_DATE""
 " TIMESTAMP (6), "CHANGED" NUMBER(10, 0), "CHANGER_ID" NUMBER(10, 0), "TIMES"
 "TAMP_" TIMESTAMP (6), "AMOUNT" FLOAT(126), "LOAN_DATE" TIMESTAMP (6), "NOTE"
 "S" VARCHAR2(255 CHAR), "LOAN_ACCOUNT_ID" NUMBER(10, 0))  PCTFREE 10 PCTUSED"
 " 40 INITRANS 1 MAXTRANS 255 STORAGE(INITIAL 65536 NEXT 1048576 MINEXTENTS 1"
 " FREELISTS 1 FREELIST GROUPS 1 BUFFER_POOL DEFAULT)                     LOG"
 "GING NOCOMPRESS"
IMP-00015: following statement failed because the object already exists:
 "CREATE TABLE "INSTALLMENTS" ("ID" NUMBER(10, 0) NOT NULL ENABLE, "CHANGE_DA"
 "TE" TIMESTAMP (6), "CHANGED" NUMBER(10, 0), "CHANGER_ID" NUMBER(10, 0), "TI"
 "MESTAMP_" TIMESTAMP (6), "AMOUNT" FLOAT(126), "INSTALLMENT_DATE" TIMESTAMP "
 "(6), "NOTES" VARCHAR2(255 CHAR), "SCIENCERE" NUMBER(10, 0), "SELLER_LOAN_BA"
 "G_ID" NUMBER(10, 0), "SELLER_ORDER_ID" NUMBER(10, 0))  PCTFREE 10 PCTUSED 4"
 "0 INITRANS 1 MAXTRANS 255 STORAGE(INITIAL 65536 NEXT 1048576 MINEXTENTS 1 F"
 "REELISTS 1 FREELIST GROUPS 1 BUFFER_POOL DEFAULT)                     LOGGI"
 "NG NOCOMPRESS"
IMP-00015: following statement failed because the object already exists:
 "CREATE TABLE "LOANERS" ("ID" NUMBER(10, 0) NOT NULL ENABLE, "CHANGE_DATE" T"
 "IMESTAMP (6), "CHANGED" NUMBER(10, 0), "CHANGER_ID" NUMBER(10, 0), "TIMESTA"
 "MP_" TIMESTAMP (6), "LOAN_ACCOUNT_ID" NUMBER(10, 0), "NAME" VARCHAR2(255 CH"
 "AR))  PCTFREE 10 PCTUSED 40 INITRANS 1 MAXTRANS 255 STORAGE(INITIAL 65536 N"
 "EXT 1048576 MINEXTENTS 1 FREELISTS 1 FREELIST GROUPS 1 BUFFER_POOL DEFAULT)"
 "                     LOGGING NOCOMPRESS"
IMP-00015: following statement failed because the object already exists:
 "CREATE TABLE "LOAN_ACCOUNTS" ("ID" NUMBER(10, 0) NOT NULL ENABLE, "CHANGE_D"
 "ATE" TIMESTAMP (6), "CHANGED" NUMBER(10, 0), "CHANGER_ID" NUMBER(10, 0), "T"
 "IMESTAMP_" TIMESTAMP (6), "DUE_AMOUNT" FLOAT(126), "FINISHED" NUMBER(10, 0)"
 ", "TOTAL_AMOUNT" FLOAT(126), "TYPE" VARCHAR2(255 CHAR), "LOANER_ID" NUMBER("
 "10, 0))  PCTFREE 10 PCTUSED 40 INITRANS 1 MAXTRANS 255 STORAGE(INITIAL 6553"
 "6 NEXT 1048576 MINEXTENTS 1 FREELISTS 1 FREELIST GROUPS 1 BUFFER_POOL DEFAU"
 "LT)                     LOGGING NOCOMPRESS"
IMP-00015: following statement failed because the object already exists:
 "CREATE TABLE "LOAN_PAYING" ("ID" NUMBER(10, 0) NOT NULL ENABLE, "CHANGE_DAT"
 "E" TIMESTAMP (6), "CHANGED" NUMBER(10, 0), "CHANGER_ID" NUMBER(10, 0), "TIM"
 "ESTAMP_" TIMESTAMP (6), "NOTES" VARCHAR2(255 CHAR), "PAID_AMOUNT" FLOAT(126"
 "), "PAYING_DATE" TIMESTAMP (6), "LOAN_ACCOUNT_ID" NUMBER(10, 0))  PCTFREE 1"
 "0 PCTUSED 40 INITRANS 1 MAXTRANS 255 STORAGE(INITIAL 65536 NEXT 1048576 MIN"
 "EXTENTS 1 FREELISTS 1 FREELIST GROUPS 1 BUFFER_POOL DEFAULT)               "
 "      LOGGING NOCOMPRESS"
IMP-00015: following statement failed because the object already exists:
 "CREATE TABLE "OUTCOMES" ("ID" NUMBER(10, 0) NOT NULL ENABLE, "CHANGE_DATE" "
 "TIMESTAMP (6), "CHANGED" NUMBER(10, 0), "CHANGER_ID" NUMBER(10, 0), "TIMEST"
 "AMP_" TIMESTAMP (6), "OUTCOME_DATE" TIMESTAMP (6), "SEASON_ID" NUMBER(10, 0"
 "), "TOTAL_OUTCOME" FLOAT(126), "SAEF_ID" NUMBER(10, 0))  PCTFREE 10 PCTUSED"
 " 40 INITRANS 1 MAXTRANS 255 STORAGE(INITIAL 65536 NEXT 1048576 MINEXTENTS 1"
 " FREELISTS 1 FREELIST GROUPS 1 BUFFER_POOL DEFAULT)                     LOG"
 "GING NOCOMPRESS"
IMP-00015: following statement failed because the object already exists:
 "CREATE TABLE "OUTCOME_DETAILS" ("ID" NUMBER(10, 0) NOT NULL ENABLE, "CHANGE"
 "_DATE" TIMESTAMP (6), "CHANGED" NUMBER(10, 0), "CHANGER_ID" NUMBER(10, 0), "
 ""TIMESTAMP_" TIMESTAMP (6), "AMOUNT" FLOAT(126), "CUSTOMER_ID" NUMBER(10, 0"
 "), "NOTES" VARCHAR2(255 CHAR), "ORDER_ID" NUMBER(10, 0), "OUTCOME_ID" NUMBE"
 "R(10, 0), "SPENDER_NAME" VARCHAR2(255 CHAR), "TYPE_NAME" VARCHAR2(255 CHAR)"
 ", "FRIDAGE_ID" NUMBER(10, 0), "TYPE_ID" NUMBER(10, 0))  PCTFREE 10 PCTUSED "
 "40 INITRANS 1 MAXTRANS 255 STORAGE(INITIAL 65536 NEXT 1048576 MINEXTENTS 1 "
 "FREELISTS 1 FREELIST GROUPS 1 BUFFER_POOL DEFAULT)                     LOGG"
 "ING NOCOMPRESS"
IMP-00015: following statement failed because the object already exists:
 "CREATE TABLE "OUTCOME_TYPES" ("ID" NUMBER(10, 0) NOT NULL ENABLE, "CHANGE_D"
 "ATE" TIMESTAMP (6), "CHANGED" NUMBER(10, 0), "CHANGER_ID" NUMBER(10, 0), "T"
 "IMESTAMP_" TIMESTAMP (6), "NAME" VARCHAR2(255 CHAR), "NAME_AR" VARCHAR2(255"
 " CHAR))  PCTFREE 10 PCTUSED 40 INITRANS 1 MAXTRANS 255 STORAGE(INITIAL 6553"
 "6 NEXT 1048576 MINEXTENTS 1 FREELISTS 1 FREELIST GROUPS 1 BUFFER_POOL DEFAU"
 "LT)                     LOGGING NOCOMPRESS"
IMP-00015: following statement failed because the object already exists:
 "CREATE TABLE "PRODUCTS" ("ID" NUMBER(10, 0) NOT NULL ENABLE, "CHANGE_DATE" "
 "TIMESTAMP (6), "CHANGED" NUMBER(10, 0), "CHANGER_ID" NUMBER(10, 0), "TIMEST"
 "AMP_" TIMESTAMP (6), "COMMISION" FLOAT(126), "NAME" VARCHAR2(255 CHAR), "UN"
 "IT" VARCHAR2(255 CHAR), "UNITE_WEIGHTS" FLOAT(126))  PCTFREE 10 PCTUSED 40 "
 "INITRANS 1 MAXTRANS 255 STORAGE(INITIAL 65536 NEXT 1048576 MINEXTENTS 1 FRE"
 "ELISTS 1 FREELIST GROUPS 1 BUFFER_POOL DEFAULT)                     LOGGING"
 " NOCOMPRESS"
IMP-00015: following statement failed because the object already exists:
 "CREATE TABLE "PURCHASED_CUSTMER_INSTS" ("ID" NUMBER(10, 0) NOT NULL ENABLE,"
 " "CHANGE_DATE" TIMESTAMP (6), "CHANGED" NUMBER(10, 0), "CHANGER_ID" NUMBER("
 "10, 0), "TIMESTAMP_" TIMESTAMP (6), "AMOUNT" FLOAT(126), "INSTALLMENT_DATE""
 " TIMESTAMP (6), "NOTES" VARCHAR2(255 CHAR), "CUSTOMER_ID" NUMBER(10, 0), "S"
 "EASON_ID" NUMBER(10, 0))  PCTFREE 10 PCTUSED 40 INITRANS 1 MAXTRANS 255 STO"
 "RAGE(INITIAL 65536 NEXT 1048576 MINEXTENTS 1 FREELISTS 1 FREELIST GROUPS 1 "
 "BUFFER_POOL DEFAULT)                     LOGGING NOCOMPRESS"
IMP-00015: following statement failed because the object already exists:
 "CREATE TABLE "SAFE" ("ID" NUMBER(10, 0) NOT NULL ENABLE, "CHANGE_DATE" TIME"
 "STAMP (6), "CHANGED" NUMBER(10, 0), "CHANGER_ID" NUMBER(10, 0), "TIMESTAMP_"
 "" TIMESTAMP (6), "BALANCE" FLOAT(126), "BASE_AMOUNT" FLOAT(126), "SEASON_ID"
 "" NUMBER(10, 0))  PCTFREE 10 PCTUSED 40 INITRANS 1 MAXTRANS 255 STORAGE(INI"
 "TIAL 65536 NEXT 1048576 MINEXTENTS 1 FREELISTS 1 FREELIST GROUPS 1 BUFFER_P"
 "OOL DEFAULT)                     LOGGING NOCOMPRESS"
IMP-00015: following statement failed because the object already exists:
 "CREATE TABLE "SAFE_OF_DAY" ("ID" NUMBER(10, 0) NOT NULL ENABLE, "CHANGE_DAT"
 "E" TIMESTAMP (6), "CHANGED" NUMBER(10, 0), "CHANGER_ID" NUMBER(10, 0), "TIM"
 "ESTAMP_" TIMESTAMP (6), "BALANCE" FLOAT(126), "DAY_DATE" TIMESTAMP (6), "SE"
 "ASON_ID" NUMBER(10, 0), "PARENT_ID" NUMBER(10, 0))  PCTFREE 10 PCTUSED 40 I"
 "NITRANS 1 MAXTRANS 255 STORAGE(INITIAL 65536 NEXT 1048576 MINEXTENTS 1 FREE"
 "LISTS 1 FREELIST GROUPS 1 BUFFER_POOL DEFAULT)                     LOGGING "
 "NOCOMPRESS"
IMP-00015: following statement failed because the object already exists:
 "CREATE TABLE "SAFE_TRACING" ("ID" NUMBER(10, 0) NOT NULL ENABLE, "CHANGE_DA"
 "TE" TIMESTAMP (6), "CHANGED" NUMBER(10, 0), "CHANGER_ID" NUMBER(10, 0), "TI"
 "MESTAMP_" TIMESTAMP (6), "AFTER_AMOUNT" FLOAT(126), "AMOUNT" FLOAT(126), "B"
 "EFORE_AMOUNT" FLOAT(126), "TRANSACTION_ID" NUMBER(10, 0), "TRNSACTION_NAME""
 " VARCHAR2(255 CHAR), "TRASACTION_TYPE" NUMBER(10, 0), "SAFE_ID" NUMBER(10, "
 "0))  PCTFREE 10 PCTUSED 40 INITRANS 1 MAXTRANS 255 STORAGE(INITIAL 65536 NE"
 "XT 1048576 MINEXTENTS 1 FREELISTS 1 FREELIST GROUPS 1 BUFFER_POOL DEFAULT) "
 "                    LOGGING NOCOMPRESS"
IMP-00015: following statement failed because the object already exists:
 "CREATE TABLE "SEASONS" ("ID" NUMBER(10, 0) NOT NULL ENABLE, "CHANGE_DATE" T"
 "IMESTAMP (6), "CHANGED" NUMBER(10, 0), "CHANGER_ID" NUMBER(10, 0), "TIMESTA"
 "MP_" TIMESTAMP (6), "CURRENT_SEASON" NUMBER(10, 0), "END_DATE" TIMESTAMP (6"
 "), "START_DATE" TIMESTAMP (6))  PCTFREE 10 PCTUSED 40 INITRANS 1 MAXTRANS 2"
 "55 STORAGE(INITIAL 65536 NEXT 1048576 MINEXTENTS 1 FREELISTS 1 FREELIST GRO"
 "UPS 1 BUFFER_POOL DEFAULT)                     LOGGING NOCOMPRESS"
IMP-00015: following statement failed because the object already exists:
 "CREATE TABLE "SELLERS" ("ID" NUMBER(10, 0) NOT NULL ENABLE, "CHANGE_DATE" T"
 "IMESTAMP (6), "CHANGED" NUMBER(10, 0), "CHANGER_ID" NUMBER(10, 0), "TIMESTA"
 "MP_" TIMESTAMP (6), "ADDRESS" VARCHAR2(255 CHAR), "NAME" VARCHAR2(255 CHAR)"
 ", "PHONE" VARCHAR2(255 CHAR), "TYPE" VARCHAR2(255 CHAR), "TYPE_ID" NUMBER(1"
 "0, 0))  PCTFREE 10 PCTUSED 40 INITRANS 1 MAXTRANS 255 STORAGE(INITIAL 65536"
 " NEXT 1048576 MINEXTENTS 1 FREELISTS 1 FREELIST GROUPS 1 BUFFER_POOL DEFAUL"
 "T)                     LOGGING NOCOMPRESS"
IMP-00015: following statement failed because the object already exists:
 "CREATE TABLE "SELLER_LOAN_BAGS" ("ID" NUMBER(10, 0) NOT NULL ENABLE, "CHANG"
 "E_DATE" TIMESTAMP (6), "CHANGED" NUMBER(10, 0), "CHANGER_ID" NUMBER(10, 0),"
 " "TIMESTAMP_" TIMESTAMP (6), "CURRENT_LOAN" FLOAT(126), "DUE_LOAN" FLOAT(12"
 "6), "NOTES" VARCHAR2(255 CHAR), "PAID_AMOUNT" FLOAT(126), "PRIOR_LOAN" FLOA"
 "T(126), "SEASON_ID" NUMBER(10, 0), "SELLER_ID" NUMBER(10, 0))  PCTFREE 10 P"
 "CTUSED 40 INITRANS 1 MAXTRANS 255 STORAGE(INITIAL 65536 NEXT 1048576 MINEXT"
 "ENTS 1 FREELISTS 1 FREELIST GROUPS 1 BUFFER_POOL DEFAULT)                  "
 "   LOGGING NOCOMPRESS"
IMP-00015: following statement failed because the object already exists:
 "CREATE TABLE "SELLER_ORDERS" ("ID" NUMBER(10, 0) NOT NULL ENABLE, "CHANGE_D"
 "ATE" TIMESTAMP (6), "CHANGED" NUMBER(10, 0), "CHANGER_ID" NUMBER(10, 0), "T"
 "IMESTAMP_" TIMESTAMP (6), "NOTES" VARCHAR2(255 CHAR), "ORDER_DATE" TIMESTAM"
 "P (6), "SCIENCERE" NUMBER(10, 0), "SELLER_LOAN_BAG_ID" NUMBER(10, 0), "TOTA"
 "L_COST" FLOAT(126), "FRIDAGE_ID" NUMBER(10, 0), "SEASON_ID" NUMBER(10, 0), "
 ""SELLER_ID" NUMBER(10, 0))  PCTFREE 10 PCTUSED 40 INITRANS 1 MAXTRANS 255 S"
 "TORAGE(INITIAL 65536 NEXT 1048576 MINEXTENTS 1 FREELISTS 1 FREELIST GROUPS "
 "1 BUFFER_POOL DEFAULT)                     LOGGING NOCOMPRESS"
IMP-00015: following statement failed because the object already exists:
 "CREATE TABLE "SELLER_ORDER_WEIGHTS" ("ID" NUMBER(10, 0) NOT NULL ENABLE, "C"
 "HANGE_DATE" TIMESTAMP (6), "CHANGED" NUMBER(10, 0), "CHANGER_ID" NUMBER(10,"
 " 0), "TIMESTAMP_" TIMESTAMP (6), "AMOUNT" FLOAT(126), "GROSS_QUANTITY" FLOA"
 "T(126), "NET_QUANTITY" FLOAT(126), "PACKAGE_NUMBER" NUMBER(10, 0), "UNITE_P"
 "RICE" FLOAT(126), "CUSTOMER_ORDER_ID" NUMBER(10, 0), "PRODUCT_ID" NUMBER(10"
 ", 0), "SELLER_ORDER_ID" NUMBER(10, 0))  PCTFREE 10 PCTUSED 40 INITRANS 1 MA"
 "XTRANS 255 STORAGE(INITIAL 65536 NEXT 1048576 MINEXTENTS 1 FREELISTS 1 FREE"
 "LIST GROUPS 1 BUFFER_POOL DEFAULT)                     LOGGING NOCOMPRESS"
IMP-00015: following statement failed because the object already exists:
 "CREATE TABLE "SELLER_TYPES" ("ID" NUMBER(10, 0) NOT NULL ENABLE, "CHANGE_DA"
 "TE" TIMESTAMP (6), "CHANGED" NUMBER(10, 0), "CHANGER_ID" NUMBER(10, 0), "TI"
 "MESTAMP_" TIMESTAMP (6), "NAME" VARCHAR2(255 CHAR))  PCTFREE 10 PCTUSED 40 "
 "INITRANS 1 MAXTRANS 255 STORAGE(INITIAL 65536 NEXT 1048576 MINEXTENTS 1 FRE"
 "ELISTS 1 FREELIST GROUPS 1 BUFFER_POOL DEFAULT)                     LOGGING"
 " NOCOMPRESS"
IMP-00015: following statement failed because the object already exists:
 "CREATE TABLE "STORES" ("ID" NUMBER(10, 0) NOT NULL ENABLE, "CHANGE_DATE" TI"
 "MESTAMP (6), "CHANGED" NUMBER(10, 0), "CHANGER_ID" NUMBER(10, 0), "TIMESTAM"
 "P_" TIMESTAMP (6), "FRIDAGE_ID" NUMBER(10, 0))  PCTFREE 10 PCTUSED 40 INITR"
 "ANS 1 MAXTRANS 255 STORAGE(INITIAL 65536 NEXT 1048576 MINEXTENTS 1 FREELIST"
 "S 1 FREELIST GROUPS 1 BUFFER_POOL DEFAULT)                     LOGGING NOCO"
 "MPRESS"
IMP-00015: following statement failed because the object already exists:
 "CREATE TABLE "USERS" ("ID" NUMBER(10, 0) NOT NULL ENABLE, "CHANGE_DATE" TIM"
 "ESTAMP (6), "CHANGED" NUMBER(10, 0), "CHANGER_ID" NUMBER(10, 0), "TIMESTAMP"
 "_" TIMESTAMP (6), "PASSWORD" VARCHAR2(255 CHAR), "NAME" VARCHAR2(255 CHAR))"
 "  PCTFREE 10 PCTUSED 40 INITRANS 1 MAXTRANS 255 STORAGE(INITIAL 65536 NEXT "
 "1048576 MINEXTENTS 1 FREELISTS 1 FREELIST GROUPS 1 BUFFER_POOL DEFAULT)    "
 "                 LOGGING NOCOMPRESS"
IMP-00015: following statement failed because the object already exists:
 "CREATE TABLE "VEHICLE_TYPES" ("ID" NUMBER(10, 0) NOT NULL ENABLE, "CHANGE_D"
 "ATE" TIMESTAMP (6), "CHANGED" NUMBER(10, 0), "CHANGER_ID" NUMBER(10, 0), "T"
 "IMESTAMP_" TIMESTAMP (6), "NAME" VARCHAR2(255 CHAR))  PCTFREE 10 PCTUSED 40"
 " INITRANS 1 MAXTRANS 255 STORAGE(INITIAL 65536 NEXT 1048576 MINEXTENTS 1 FR"
 "EELISTS 1 FREELIST GROUPS 1 BUFFER_POOL DEFAULT)                     LOGGIN"
 "G NOCOMPRESS"
IMP-00015: following statement failed because the object already exists:
 "CREATE FORCE VIEW "TSHOP"."SEASON_SAFE"                           ("BALANCE"
 "","ID") AS "
 "select sum(S.BALANCE ) as  BALANCE,S.SEASON_ID  as id from SHOP2020.SAFE_OF"
 "_DAY s"
 "group by S.SEASON_ID"
Import terminated successfully with warnings.
